<?xml version="1.0" encoding="UTF-8"?>
<!-- Generated by org.testng.reporters.JUnitReportReporter -->
<testsuite skipped="0" hostname="HARISH_DASYAM" name="com.framework.tests.TC001_LoginLogout" tests="2" failures="0" timestamp="23 Feb 2019 14:02:05 GMT" time="26.567" errors="0">
  <testcase name="login" time="14.628" classname="com.framework.tests.TC001_LoginLogout"/>
  <testcase name="login" time="11.939" classname="com.framework.tests.TC001_LoginLogout"/>
</testsuite> <!-- com.framework.tests.TC001_LoginLogout -->
